            --------------------------------------------------------
                             AMBER SQM VERSION 19
 
                                     By
              Ross C. Walker, Michael F. Crowley, Scott Brozell,
                         Tim Giese, Andreas W. Goetz,
                        Tai-Sung Lee and David A. Case
 
            --------------------------------------------------------
 

--------------------------------------------------------------------------------
  QM CALCULATION INFO
--------------------------------------------------------------------------------

| QMMM: Citation for AMBER QMMM Run:
| QMMM: R.C. Walker, M.F. Crowley and D.A. Case, J. COMP. CHEM. 29:1019, 2008

QMMM: SINGLET STATE CALCULATION
QMMM: RHF CALCULATION, NO. OF DOUBLY OCCUPIED LEVELS = 13

| QMMM: *** Selected Hamiltonian *** 
| QMMM: AM1         

| QMMM: *** Parameter sets in use ***
| QMMM: C : M.J.S.DEWAR et al. JACS, 107, 3902, (1985)
| QMMM: O : M.J.S.DEWAR et al. JACS, 107, 3902, (1985)
| QMMM: H : M.J.S.DEWAR et al. JACS, 107, 3902, (1985)

| QMMM: *** SCF convergence criteria ***
| QMMM: Energy change                :  0.1D-09 kcal/mol
| QMMM: Error matrix |FP-PF|         :  0.1D+00 au
| QMMM: Density matrix change        :  0.5D-06
| QMMM: Maximum number of SCF cycles :     1000

| QMMM: *** Diagonalization Routine Information ***
| QMMM: Pseudo diagonalizations are allowed.
| QMMM: Auto diagonalization routine selection is in use.
| QMMM:
| QMMM: Timing diagonalization routines:
| QMMM:                              norbs =       24
| QMMM:    diag iterations used for timing =       20
| QMMM:
| QMMM:              Internal diag routine = 0.001251 seconds
| QMMM:                 Dspev diag routine = 0.008915 seconds
| QMMM:                Dspevd diag routine = 0.001413 seconds
| QMMM:                Dspevx diag routine = 0.006248 seconds
| QMMM:                 Dsyev diag routine = 0.001966 seconds
| QMMM:                Dsyevd diag routine = 0.001744 seconds
| QMMM:                Dsyevr diag routine = 0.001750 seconds
| QMMM:
| QMMM:                Pseudo diag routine = 0.000126 seconds
| QMMM:
| QMMM: Using internal diagonalization routine (diag_routine=1).

  QMMM: QM Region Cartesian Coordinates (*=link atom) 
  QMMM: QM_NO.   MM_NO.  ATOM         X         Y         Z
  QMMM:     1        1      C        1.0490    0.0880    0.0180
  QMMM:     2        2      C        0.5250    0.7750    1.2690
  QMMM:     3        3      O        0.9870    2.1210    1.3010
  QMMM:     4        4      C       -0.9950    0.7880    1.2880
  QMMM:     5        5      H        0.7170    0.6150   -0.8840
  QMMM:     6        6      H        0.7070   -0.9500   -0.0360
  QMMM:     7        7      H        2.1440    0.0960    0.0020
  QMMM:     8        8      H        0.9000    0.2660    2.1640
  QMMM:     9        9      H        1.9600    2.0970    1.3010
  QMMM:    10       10      H       -1.4000   -0.2280    1.2740
  QMMM:    11       11      H       -1.3640    1.3000    2.1830
  QMMM:    12       12      H       -1.3920    1.3360    0.4260

--------------------------------------------------------------------------------
  RESULTS
--------------------------------------------------------------------------------

      iter         sqm energy              rms gradient
      ----    -------------------    -----------------------
xmin    10      -68.0930 kcal/mol        0.5585 kcal/(mol*A)
xmin    20      -68.1187 kcal/mol        0.1071 kcal/(mol*A)
xmin    30      -68.1212 kcal/mol        0.0294 kcal/(mol*A)
xmin    40      -68.1226 kcal/mol        0.0763 kcal/(mol*A)
xmin    50      -68.1229 kcal/mol        0.0092 kcal/(mol*A)
xmin    60      -68.1230 kcal/mol        0.0074 kcal/(mol*A)
xmin    70      -68.1231 kcal/mol        0.0259 kcal/(mol*A)
xmin    80      -68.1231 kcal/mol        0.0014 kcal/(mol*A)
xmin    90      -68.1231 kcal/mol        0.0012 kcal/(mol*A)
  ... geometry converged !
 
 Final MO eigenvalues (eV):
 -38.6026  -32.6306  -28.0377  -21.9384  -18.1135  -15.9597  -15.5781  -13.5512
 -13.1237  -13.0380  -12.6052  -11.9517  -10.8942    3.4929    3.7735    3.9701
   4.0989    4.4404    4.6408    4.7408    4.9208    5.0298    5.0850    6.3513


 Heat of formation   =        -68.12308649 kcal/mol  (       -2.95403870 eV)

 Total SCF energy    =     -18807.64221789 kcal/mol  (     -815.56056623 eV)
 Electronic energy   =     -61535.32379116 kcal/mol  (    -2668.37187421 eV)
 Core-core repulsion =      42727.68157327 kcal/mol  (     1852.81130798 eV)
 
    Atomic Charges for Step       1 :
  Atom    Element       Mulliken Charge
     1      C                 -0.250
     2      C                  0.028
     3      O                 -0.329
     4      C                 -0.209
     5      H                  0.088
     6      H                  0.084
     7      H                  0.072
     8      H                  0.068
     9      H                  0.196
    10      H                  0.077
    11      H                  0.089
    12      H                  0.086
 Total Mulliken Charge =      -0.000
 
                  X        Y        Z     TOTAL  
  QM DIPOLE     0.679   -1.431   -0.319    1.616
 
 Final Structure

  QMMM: QM Region Cartesian Coordinates (*=link atom) 
  QMMM: QM_NO.   MM_NO.  ATOM         X         Y         Z
  QMMM:     1        1      C        1.0587    0.0906    0.0201
  QMMM:     2        2      C        0.5270    0.7707    1.2684
  QMMM:     3        3      O        0.9529    2.1284    1.3352
  QMMM:     4        4      C       -0.9904    0.7955    1.2861
  QMMM:     5        5      H        0.7422    0.6528   -0.8909
  QMMM:     6        6      H        0.6649   -0.9510   -0.0439
  QMMM:     7        7      H        2.1741    0.0521    0.0426
  QMMM:     8        8      H        0.9089    0.2295    2.1821
  QMMM:     9        9      H        1.9112    2.1257    1.2318
  QMMM:    10       10      H       -1.3803   -0.2490    1.3056
  QMMM:    11       11      H       -1.3518    1.3420    2.1895
  QMMM:    12       12      H       -1.3795    1.3166    0.3794

           --------- Calculation Completed ----------

